Content-Type: multipart/alternative;
 boundary="===============2739669195219370606=="
MIME-Version: 1.0
Subject: Profile activation
From: smart.filip48@gmail.com
To: angheluta.filip@cnlazar.ro
Date: Sun, 03 May 2020 20:32:34 -0000
Message-ID: 
 <158853795439.3076.17468156913849774478@DESKTOP-1E3MLMQ.rcs-rds.ro>

--===============2739669195219370606==
Content-Type: text/plain; charset="utf-8"
MIME-Version: 1.0
Content-Transfer-Encoding: 7bit



To activate your profile, please follow this link:

http://127.0.0.1:8000/activate/n6wjNOcbl3MiJJKQfvLZ/

--===============2739669195219370606==
Content-Type: text/html; charset="utf-8"
MIME-Version: 1.0
Content-Transfer-Encoding: 7bit



<!DOCTYPE html PUBLIC "-//W3C//DTD XHTML 1.0 Transitional//EN"
        "http://www.w3.org/TR/xhtml1/DTD/xhtml1-transitional.dtd">
<html xmlns="http://www.w3.org/1999/xhtml">
<head>
    <meta http-equiv="Content-Type" content="text/html; charset=UTF-8"/>
    <title>Profile activation</title>
    <meta name="viewport" content="width=device-width, initial-scale=1.0"/>
</head>

<body>

<p>
    To activate your profile, please follow this link:
</p>

<p>
    <a href="http://127.0.0.1:8000/activate/n6wjNOcbl3MiJJKQfvLZ/">http://127.0.0.1:8000/activate/n6wjNOcbl3MiJJKQfvLZ/</a>
</p>

</body>

</html>

--===============2739669195219370606==--

-------------------------------------------------------------------------------
