Content-Type: multipart/alternative;
 boundary="===============1507950134086146983=="
MIME-Version: 1.0
Subject: Profile activation
From: freetransfer.web@gmail.com
To: smart.filip48@gmail.com
Date: Mon, 04 May 2020 13:55:39 -0000
Message-ID: 
 <158860053902.11000.4731341857994782158@DESKTOP-1E3MLMQ.rcs-rds.ro>

--===============1507950134086146983==
Content-Type: text/plain; charset="utf-8"
MIME-Version: 1.0
Content-Transfer-Encoding: 7bit



To activate your profile, please follow this link:

http://127.0.0.1:8000/activate/EGFBTOmzlOD7BBxDpd6s/

--===============1507950134086146983==
Content-Type: text/html; charset="utf-8"
MIME-Version: 1.0
Content-Transfer-Encoding: 7bit



<!DOCTYPE html PUBLIC "-//W3C//DTD XHTML 1.0 Transitional//EN"
        "http://www.w3.org/TR/xhtml1/DTD/xhtml1-transitional.dtd">
<html xmlns="http://www.w3.org/1999/xhtml">
<head>
    <meta http-equiv="Content-Type" content="text/html; charset=UTF-8"/>
    <title>Profile activation</title>
    <meta name="viewport" content="width=device-width, initial-scale=1.0"/>
</head>

<body>

<p>
    To activate your profile, please follow this link:
</p>

<p>
    <a href="http://127.0.0.1:8000/activate/EGFBTOmzlOD7BBxDpd6s/">http://127.0.0.1:8000/activate/EGFBTOmzlOD7BBxDpd6s/</a>
</p>

</body>

</html>

--===============1507950134086146983==--

-------------------------------------------------------------------------------
